
Circuit 1 cell sky130_fd_pr__nfet_01v8 and Circuit 2 cell sky130_fd_pr__nfet_01v8 are black boxes.
Warning: Equate pins:  cell sky130_fd_pr__nfet_01v8 is a placeholder, treated as a black box.
Warning: Equate pins:  cell sky130_fd_pr__nfet_01v8 is a placeholder, treated as a black box.

Subcircuit pins:
Circuit 1: sky130_fd_pr__nfet_01v8         |Circuit 2: sky130_fd_pr__nfet_01v8         
-------------------------------------------|-------------------------------------------
1                                          |1                                          
2                                          |2                                          
3                                          |3                                          
4                                          |4                                          
---------------------------------------------------------------------------------------
Cell pin lists are equivalent.
Device classes sky130_fd_pr__nfet_01v8 and sky130_fd_pr__nfet_01v8 are equivalent.

Circuit 1 cell sky130_fd_pr__pfet_01v8 and Circuit 2 cell sky130_fd_pr__pfet_01v8 are black boxes.
Warning: Equate pins:  cell sky130_fd_pr__pfet_01v8 is a placeholder, treated as a black box.
Warning: Equate pins:  cell sky130_fd_pr__pfet_01v8 is a placeholder, treated as a black box.

Subcircuit pins:
Circuit 1: sky130_fd_pr__pfet_01v8         |Circuit 2: sky130_fd_pr__pfet_01v8         
-------------------------------------------|-------------------------------------------
1                                          |1                                          
2                                          |2                                          
3                                          |3                                          
4                                          |4                                          
---------------------------------------------------------------------------------------
Cell pin lists are equivalent.
Device classes sky130_fd_pr__pfet_01v8 and sky130_fd_pr__pfet_01v8 are equivalent.
Flattening unmatched subcell sky130_fd_pr__nfet_01v8_QMGPN5 in circuit vco (0)(1 instance)
Flattening unmatched subcell sky130_fd_pr__pfet_01v8_BS784P in circuit vco (0)(1 instance)
Flattening unmatched subcell sky130_fd_pr__nfet_01v8_6CS3TQ in circuit vco (0)(1 instance)
Flattening unmatched subcell sky130_fd_pr__nfet_01v8_NWZ7BA in circuit vco (0)(3 instances)
Flattening unmatched subcell sky130_fd_pr__pfet_01v8_J8A8UZ in circuit vco (0)(3 instances)
Flattening unmatched subcell sky130_fd_pr__pfet_01v8_PR8SW8 in circuit vco (0)(1 instance)
Flattening unmatched subcell sky130_fd_pr__nfet_01v8_68KXJR in circuit vco (0)(3 instances)
Flattening unmatched subcell sky130_fd_pr__pfet_01v8_3VA8U9 in circuit vco (0)(1 instance)
Flattening unmatched subcell sky130_fd_pr__nfet_01v8_CRPCLH in circuit vco (0)(1 instance)
Flattening unmatched subcell sky130_fd_pr__pfet_01v8_8ULR7S in circuit vco (0)(3 instances)

Class vco (0):  Merged 104 parallel devices.
Subcircuit summary:
Circuit 1: vco                             |Circuit 2: vco                             
-------------------------------------------|-------------------------------------------
sky130_fd_pr__nfet_01v8 (60->7)            |sky130_fd_pr__nfet_01v8 (9) **Mismatch**   
sky130_fd_pr__pfet_01v8 (60->9)            |sky130_fd_pr__pfet_01v8 (9)                
Number of devices: 16 **Mismatch**         |Number of devices: 18 **Mismatch**         
Number of nets: 12 **Mismatch**            |Number of nets: 15 **Mismatch**            
---------------------------------------------------------------------------------------
NET mismatches: Class fragments follow (with fanout counts):
Circuit 1: vco                             |Circuit 2: vco                             

---------------------------------------------------------------------------------------
Net: GND                                   |Net: GND                                   
  sky130_fd_pr__nfet_01v8/(1|3) = 8        |  sky130_fd_pr__nfet_01v8/(1|3) = 6        
  sky130_fd_pr__nfet_01v8/4 = 7            |  sky130_fd_pr__nfet_01v8/4 = 6            
                                           |                                           
Net: vctrl                                 |Net: vctrl                                 
  sky130_fd_pr__nfet_01v8/2 = 2            |  sky130_fd_pr__nfet_01v8/2 = 4            
                                           |                                           
(no matching net)                          |Net: net1                                  
                                           |  sky130_fd_pr__nfet_01v8/(1|3) = 2        
                                           |  sky130_fd_pr__nfet_01v8/4 = 1            
                                           |                                           
(no matching net)                          |Net: net6                                  
                                           |  sky130_fd_pr__nfet_01v8/(1|3) = 2        
                                           |  sky130_fd_pr__nfet_01v8/4 = 1            
                                           |                                           
(no matching net)                          |Net: net8                                  
                                           |  sky130_fd_pr__nfet_01v8/(1|3) = 2        
                                           |  sky130_fd_pr__nfet_01v8/4 = 1            
---------------------------------------------------------------------------------------
DEVICE mismatches: Class fragments follow (with node fanout counts):
Circuit 1: vco                             |Circuit 2: vco                             

---------------------------------------------------------------------------------------
Instance: sky130_fd_pr__nfet_01v8_68KXJR:X |Instance: sky130_fd_pr__nfet_01v8:M5       
  (1,3) = (15,15)                          |  (1,3) = (12,3)                           
  2 = 2                                    |  2 = 4                                    
  4 = 15                                   |  4 = 12                                   
                                           |                                           
(no matching instance)                     |Instance: sky130_fd_pr__nfet_01v8:M3       
                                           |  (1,3) = (12,3)                           
                                           |  2 = 4                                    
                                           |  4 = 12                                   
                                           |                                           
                                           |                                           
(no matching instance)                     |Instance: sky130_fd_pr__nfet_01v8:M11      
                                           |  (1,3) = (12,3)                           
                                           |  2 = 4                                    
                                           |  4 = 12                                   
                                           |                                           
---------------------------------------------------------------------------------------
Netlists do not match.
Port matching may fail to disambiguate symmetries.

Subcircuit pins:
Circuit 1: vco                             |Circuit 2: vco                             
-------------------------------------------|-------------------------------------------
GND                                        |vctrl **Mismatch**                         
vctrl                                      |GND **Mismatch**                           
out                                        |out                                        
VDD                                        |VDD                                        
---------------------------------------------------------------------------------------
Cell pin lists for vco and vco altered to match.
Device classes vco and vco are equivalent.

Final result: Top level cell failed pin matching.
